[debug] [2025-03-06T16:34:34.581Z] ----------------------------------------------------------------------
[debug] [2025-03-06T16:34:34.585Z] Command:       C:\Program Files\nodejs\node.exe C:\Users\Sagar jadhav\AppData\Roaming\npm\node_modules\firebase-tools\lib\bin\firebase.js init hosting
[debug] [2025-03-06T16:34:34.586Z] CLI Version:   13.32.0
[debug] [2025-03-06T16:34:34.586Z] Platform:      win32
[debug] [2025-03-06T16:34:34.586Z] Node Version:  v22.11.0
[debug] [2025-03-06T16:34:34.586Z] Time:          Thu Mar 06 2025 22:04:34 GMT+0530 (India Standard Time)
[debug] [2025-03-06T16:34:34.587Z] ----------------------------------------------------------------------
[debug] 
[debug] [2025-03-06T16:34:34.884Z] > command requires scopes: ["email","openid","https://www.googleapis.com/auth/cloudplatformprojects.readonly","https://www.googleapis.com/auth/firebase","https://www.googleapis.com/auth/cloud-platform"]
[debug] [2025-03-06T16:34:34.885Z] > authorizing via signed-in user (sagar.jadhav2874@gmail.com)
[info] 
     ######## #### ########  ######## ########     ###     ######  ########
     ##        ##  ##     ## ##       ##     ##  ##   ##  ##       ##
     ######    ##  ########  ######   ########  #########  ######  ######
     ##        ##  ##    ##  ##       ##     ## ##     ##       ## ##
     ##       #### ##     ## ######## ########  ##     ##  ######  ########

You're about to initialize a Firebase project in this directory:

  C:\Users\Sagar jadhav\OneDrive\Desktop\project

Before we get started, keep in mind:

  * You are initializing within an existing Firebase project directory

